# JRE version: OpenJDK Runtime Environment (11.0.10) (build 11.0.10+0-b96-7249189)
# Java VM: OpenJDK 64-Bit Server VM (11.0.10+0-b96-7249189, mixed mode, tiered, compressed oops, g1 gc, windows-amd64)
Heap:
 garbage-first heap   total 262144K, used 188493K [0x00000000a0000000, 0x0000000100000000)
  region size 1024K, 111 young (113664K), 13 survivors (13312K)
 Metaspace       used 92704K, capacity 95099K, committed 95256K, reserved 1132544K
  class space    used 11869K, capacity 12731K, committed 12824K, reserved 1048576K
GC Heap History (20 events):
Event: 4.155 GC heap after
{Heap after GC invocations=4 (full 0):
 garbage-first heap   total 262144K, used 18809K [0x00000000a0000000, 0x0000000100000000)
  region size 1024K, 3 young (3072K), 3 survivors (3072K)
 Metaspace       used 27208K, capacity 27801K, committed 27904K, reserved 1073152K
  class space    used 3597K, capacity 3825K, committed 3840K, reserved 1048576K
}
Event: 4.979 GC heap before
{Heap before GC invocations=4 (full 0):
 garbage-first heap   total 262144K, used 60793K [0x00000000a0000000, 0x0000000100000000)
  region size 1024K, 45 young (46080K), 3 survivors (3072K)
 Metaspace       used 35045K, capacity 35834K, committed 35840K, reserved 1081344K
  class space    used 4543K, capacity 4864K, committed 4864K, reserved 1048576K
}
Event: 4.994 GC heap after
{Heap after GC invocations=5 (full 0):
 garbage-first heap   total 262144K, used 21500K [0x00000000a0000000, 0x0000000100000000)
  region size 1024K, 6 young (6144K), 6 survivors (6144K)
 Metaspace       used 35045K, capacity 35834K, committed 35840K, reserved 1081344K
  class space    used 4543K, capacity 4864K, committed 4864K, reserved 1048576K
}
Event: 6.575 GC heap before
{Heap before GC invocations=6 (full 0):
 garbage-first heap   total 262144K, used 136188K [0x00000000a0000000, 0x0000000100000000)
  region size 1024K, 115 young (117760K), 6 survivors (6144K)
 Metaspace       used 43581K, capacity 44621K, committed 44876K, reserved 1087488K
  class space    used 5571K, capacity 5928K, committed 5964K, reserved 1048576K
}
Event: 6.589 GC heap after
{Heap after GC invocations=7 (full 0):
 garbage-first heap   total 262144K, used 28132K [0x00000000a0000000, 0x0000000100000000)
  region size 1024K, 12 young (12288K), 12 survivors (12288K)
 Metaspace       used 43581K, capacity 44621K, committed 44876K, reserved 1087488K
  class space    used 5571K, capacity 5928K, committed 5964K, reserved 1048576K
}
Event: 8.832 GC heap before
{Heap before GC invocations=7 (full 0):
 garbage-first heap   total 262144K, used 170468K [0x00000000a0000000, 0x0000000100000000)
  region size 1024K, 144 young (147456K), 12 survivors (12288K)
 Metaspace       used 55146K, capacity 56650K, committed 56780K, reserved 1097728K
  class space    used 6986K, capacity 7514K, committed 7628K, reserved 1048576K
}
Event: 8.855 GC heap after
{Heap after GC invocations=8 (full 0):
 garbage-first heap   total 262144K, used 48999K [0x00000000a0000000, 0x0000000100000000)
  region size 1024K, 18 young (18432K), 18 survivors (18432K)
 Metaspace       used 55146K, capacity 56650K, committed 56780K, reserved 1097728K
  class space    used 6986K, capacity 7514K, committed 7628K, reserved 1048576K
}
Event: 9.324 GC heap before
{Heap before GC invocations=8 (full 0):
 garbage-first heap   total 262144K, used 71527K [0x00000000a0000000, 0x0000000100000000)
  region size 1024K, 41 young (41984K), 18 survivors (18432K)
 Metaspace       used 58681K, capacity 60194K, committed 60288K, reserved 1101824K
  class space    used 7417K, capacity 7965K, committed 8012K, reserved 1048576K
}
Event: 9.353 GC heap after
{Heap after GC invocations=9 (full 0):
 garbage-first heap   total 262144K, used 52221K [0x00000000a0000000, 0x0000000100000000)
  region size 1024K, 3 young (3072K), 3 survivors (3072K)
 Metaspace       used 58681K, capacity 60194K, committed 60288K, reserved 1101824K
  class space    used 7417K, capacity 7965K, committed 8012K, reserved 1048576K
}
Event: 10.842 GC heap before
{Heap before GC invocations=10 (full 0):
 garbage-first heap   total 262144K, used 143357K [0x00000000a0000000, 0x0000000100000000)
  region size 1024K, 92 young (94208K), 3 survivors (3072K)
 Metaspace       used 66640K, capacity 68299K, committed 68504K, reserved 1107968K
  class space    used 8416K, capacity 8964K, committed 9112K, reserved 1048576K
}
Event: 10.856 GC heap after
{Heap after GC invocations=11 (full 0):
 garbage-first heap   total 262144K, used 57174K [0x00000000a0000000, 0x0000000100000000)
  region size 1024K, 8 young (8192K), 8 survivors (8192K)
 Metaspace       used 66640K, capacity 68299K, committed 68504K, reserved 1107968K
  class space    used 8416K, capacity 8964K, committed 9112K, reserved 1048576K
}
Event: 12.560 GC heap before
{Heap before GC invocations=11 (full 0):
 garbage-first heap   total 262144K, used 154454K [0x00000000a0000000, 0x0000000100000000)
  region size 1024K, 103 young (105472K), 8 survivors (8192K)
 Metaspace       used 76001K, capacity 77829K, committed 77976K, reserved 1116160K
  class space    used 9746K, capacity 10375K, committed 10392K, reserved 1048576K
}
Event: 12.575 GC heap after
{Heap after GC invocations=12 (full 0):
 garbage-first heap   total 262144K, used 64011K [0x00000000a0000000, 0x0000000100000000)
  region size 1024K, 13 young (13312K), 13 survivors (13312K)
 Metaspace       used 76001K, capacity 77829K, committed 77976K, reserved 1116160K
  class space    used 9746K, capacity 10375K, committed 10392K, reserved 1048576K
}
Event: 13.997 GC heap before
{Heap before GC invocations=12 (full 0):
 garbage-first heap   total 262144K, used 164363K [0x00000000a0000000, 0x0000000100000000)
  region size 1024K, 111 young (113664K), 13 survivors (13312K)
 Metaspace       used 82778K, capacity 84898K, committed 85016K, reserved 1122304K
  class space    used 10764K, capacity 11522K, committed 11544K, reserved 1048576K
}
Event: 14.019 GC heap after
{Heap after GC invocations=13 (full 0):
 garbage-first heap   total 262144K, used 72105K [0x00000000a0000000, 0x0000000100000000)
  region size 1024K, 14 young (14336K), 14 survivors (14336K)
 Metaspace       used 82778K, capacity 84898K, committed 85016K, reserved 1122304K
  class space    used 10764K, capacity 11522K, committed 11544K, reserved 1048576K
}
Event: 15.309 GC heap before
{Heap before GC invocations=13 (full 0):
 garbage-first heap   total 262144K, used 172457K [0x00000000a0000000, 0x0000000100000000)
  region size 1024K, 113 young (115712K), 14 survivors (14336K)
 Metaspace       used 86286K, capacity 88666K, committed 88856K, reserved 1126400K
  class space    used 11103K, capacity 11989K, committed 12056K, reserved 1048576K
}
Event: 15.333 GC heap after
{Heap after GC invocations=14 (full 0):
 garbage-first heap   total 262144K, used 82059K [0x00000000a0000000, 0x0000000100000000)
  region size 1024K, 15 young (15360K), 15 survivors (15360K)
 Metaspace       used 86286K, capacity 88666K, committed 88856K, reserved 1126400K
  class space    used 11103K, capacity 11989K, committed 12056K, reserved 1048576K
}
Event: 16.320 GC heap before
{Heap before GC invocations=14 (full 0):
 garbage-first heap   total 262144K, used 180363K [0x00000000a0000000, 0x0000000100000000)
  region size 1024K, 112 young (114688K), 15 survivors (15360K)
 Metaspace       used 88279K, capacity 90653K, committed 90904K, reserved 1128448K
  class space    used 11344K, capacity 12198K, committed 12312K, reserved 1048576K
}
Event: 16.350 GC heap after
{Heap after GC invocations=15 (full 0):
 garbage-first heap   total 262144K, used 88141K [0x00000000a0000000, 0x0000000100000000)
  region size 1024K, 8 young (8192K), 8 survivors (8192K)
 Metaspace       used 88279K, capacity 90653K, committed 90904K, reserved 1128448K
  class space    used 11344K, capacity 12198K, committed 12312K, reserved 1048576K
}
Event: 17.503 GC heap before
{Heap before GC invocations=15 (full 0):
 garbage-first heap   total 262144K, used 187469K [0x00000000a0000000, 0x0000000100000000)
  region size 1024K, 106 young (108544K), 8 survivors (8192K)
 Metaspace       used 92704K, capacity 95099K, committed 95256K, reserved 1132544K
  class space    used 11869K, capacity 12731K, committed 12824K, reserved 1048576K
}

